<?xml version="1.0" encoding="UTF-8"?>
<!-- Generated by org.testng.reporters.JUnitReportReporter -->
<testsuite skipped="0" hostname="DVCGO6111947" name="com.sdetlabs.masterusecase2.mcu2.RestfulWS_Test" tests="5" failures="0" timestamp="24 Nov 2023 05:37:13 GMT" time="6.173" errors="0">
  <testcase name="GetRequestTest" time="0.912" classname="com.sdetlabs.masterusecase2.mcu2.RestfulWS_Test"/>
  <testcase name="PatchRequestTest" time="1.152" classname="com.sdetlabs.masterusecase2.mcu2.RestfulWS_Test"/>
  <testcase name="PutRequestTest" time="1.142" classname="com.sdetlabs.masterusecase2.mcu2.RestfulWS_Test"/>
  <testcase name="PostRequestTest" time="0.994" classname="com.sdetlabs.masterusecase2.mcu2.RestfulWS_Test"/>
  <testcase name="DeleteRequestTest" time="1.973" classname="com.sdetlabs.masterusecase2.mcu2.RestfulWS_Test"/>
</testsuite> <!-- com.sdetlabs.masterusecase2.mcu2.RestfulWS_Test -->
