<?xml version="1.0" encoding="UTF-8"?>
<!-- Generated by org.testng.reporters.JUnitReportReporter -->
<testsuite skipped="0" hostname="DVCGO6111947" name="com.sdetlabs.masterusecase2.mcu2.SoapWS_Test" tests="2" failures="0" timestamp="24 Nov 2023 05:37:13 GMT" time="2.580" errors="0">
  <testcase name="GetRequestTest" time="1.624" classname="com.sdetlabs.masterusecase2.mcu2.SoapWS_Test"/>
  <testcase name="PostRequestTest" time="0.956" classname="com.sdetlabs.masterusecase2.mcu2.SoapWS_Test"/>
</testsuite> <!-- com.sdetlabs.masterusecase2.mcu2.SoapWS_Test -->
